2026-02-10 05:29:13 - Signature Mismatch.
Passed: cnTLb916BdgpjHiz0eVszsUP4xM7PyQOMqHjzlJJdlMm
Computed: cnTLb916BdgpjHiz0eVszsUP4xM7PyQOMqHjzlJJdlM
Secret: key***
2026-02-10 06:49:00 - Invalid token parts: 2
2026-02-10 15:30:48 - Token expired or invalid payload.
2026-02-10 15:30:51 - Token expired or invalid payload.
2026-02-10 15:52:26 - Token expired or invalid payload.
2026-02-10 15:56:15 - Token expired or invalid payload.
2026-02-10 15:57:55 - Token expired or invalid payload.
2026-02-10 17:06:51 - Token expired or invalid payload.
2026-02-10 17:08:06 - Token expired or invalid payload.
2026-02-10 17:10:10 - Token expired or invalid payload.
2026-02-10 17:10:24 - Token expired or invalid payload.
2026-02-10 17:14:00 - Token expired or invalid payload.
2026-02-10 17:16:31 - Token expired or invalid payload.
2026-02-10 18:03:32 - Token expired or invalid payload.
2026-02-10 18:10:21 - Token expired or invalid payload.
2026-02-10 18:10:24 - Token expired or invalid payload.
2026-02-10 18:10:43 - Token expired or invalid payload.
2026-02-10 18:11:50 - Token expired or invalid payload.
